<?xml version="1.0" encoding="UTF-8"?>
<!-- Generated by org.testng.reporters.JUnitXMLReporter -->
<testsuite hostname="wangjianhua" ignored="0" name="我的测试用例" tests="7" failures="0" timestamp="24 六月 2019 08:53:09 GMT" time="7.425" errors="0">
  <testcase name="loginTestTrue" time="0.949" classname="com.course.cases.LoginTest"/>
  <testcase name="loginTestFail" time="0.048" classname="com.course.cases.LoginTest"/>
  <testcase name="assertUpdateLaterUserInfo" time="0.024" classname="com.course.cases.UpdateUserInfoTest"/>
  <testcase name="addUser" time="3.066" classname="com.course.cases.AddUserTest"/>
  <testcase name="getUserInfo" time="0.092" classname="com.course.cases.GetUserInfoTest"/>
  <testcase name="getUserListInfo" time="0.07" classname="com.course.cases.GetUserListInfoTest"/>
  <testcase name="updateUserInfo" time="3.124" classname="com.course.cases.UpdateUserInfoTest"/>
</testsuite> <!-- 我的测试用例 -->
